<?xml version="1.0" encoding="UTF-8"?>
<!-- Generated by org.testng.reporters.JUnitReportReporter -->
<testsuite hostname="Gurleens-iMac.local" failures="0" tests="2" name="Tests.Test2" time="0.007" errors="0" timestamp="2022-01-26T20:54:41 EST" skipped="0">
  <testcase classname="Tests.Test2" name="test4" time="0.003"/>
  <system-out/>
  <testcase classname="Tests.Test2" name="test5" time="0.004"/>
  <system-out/>
</testsuite> <!-- Tests.Test2 -->
