<?xml version="1.0" encoding="UTF-8"?>
<!-- Generated by org.testng.reporters.JUnitReportReporter -->
<testsuite hostname="Gurleens-iMac.local" failures="0" tests="2" name="Tests.CrossBrowserTesting" time="10.849" errors="0" timestamp="2022-02-06T11:42:34 EST" skipped="0">
  <testcase classname="Tests.CrossBrowserTesting" name="fbLogin" time="7.658"/>
  <system-out/>
  <testcase classname="Tests.CrossBrowserTesting" name="fbLogin" time="3.191"/>
  <system-out/>
</testsuite> <!-- Tests.CrossBrowserTesting -->
