<?xml version="1.0" encoding="UTF-8"?>
<!-- Generated by org.testng.reporters.JUnitReportReporter -->
<testsuite hostname="Gurleens-iMac.local" failures="0" tests="2" name="Tests.CrossBrowserTesting" time="11.835" errors="0" timestamp="2022-01-27T16:58:59 EST" skipped="0">
  <testcase classname="Tests.CrossBrowserTesting" name="fbLogin" time="8.293"/>
  <system-out/>
  <testcase classname="Tests.CrossBrowserTesting" name="fbLogin" time="3.542"/>
  <system-out/>
</testsuite> <!-- Tests.CrossBrowserTesting -->
